  [1m[35m (0.1ms)[0m  [1m[34mSELECT sqlite_version(*)[0m
  [1m[35m (1.2ms)[0m  [1m[35mCREATE TABLE "schema_migrations" ("version" varchar NOT NULL PRIMARY KEY)[0m
  [1m[35m (1.0ms)[0m  [1m[35mCREATE TABLE "ar_internal_metadata" ("key" varchar NOT NULL PRIMARY KEY, "value" varchar, "created_at" datetime NOT NULL, "updated_at" datetime NOT NULL)[0m
  [1m[35m (0.1ms)[0m  [1m[34mSELECT "schema_migrations"."version" FROM "schema_migrations" ORDER BY "schema_migrations"."version" ASC[0m
Migrating to CreateStudents (20171018011530)
  [1m[35m (0.0ms)[0m  [1m[36mbegin transaction[0m
  [1m[35m (0.4ms)[0m  [1m[35mCREATE TABLE "students" ("id" INTEGER PRIMARY KEY AUTOINCREMENT NOT NULL, "name" varchar, "last_name" varchar, "email" varchar, "password_digest" varchar, "created_at" datetime NOT NULL, "updated_at" datetime NOT NULL)[0m
  [1m[35mSQL (0.2ms)[0m  [1m[32mINSERT INTO "schema_migrations" ("version") VALUES (?)[0m  [["version", "20171018011530"]]
  [1m[35m (0.9ms)[0m  [1m[36mcommit transaction[0m
Migrating to CreateGrades (20171018011632)
  [1m[35m (0.1ms)[0m  [1m[36mbegin transaction[0m
  [1m[35m (0.5ms)[0m  [1m[35mCREATE TABLE "grades" ("id" INTEGER PRIMARY KEY AUTOINCREMENT NOT NULL, "name" varchar, "percentage" integer DEFAULT 0, "created_at" datetime NOT NULL, "updated_at" datetime NOT NULL)[0m
  [1m[35mSQL (0.1ms)[0m  [1m[32mINSERT INTO "schema_migrations" ("version") VALUES (?)[0m  [["version", "20171018011632"]]
  [1m[35m (0.8ms)[0m  [1m[36mcommit transaction[0m
Migrating to CreateStudentGrades (20171018011906)
  [1m[35m (0.0ms)[0m  [1m[36mbegin transaction[0m
  [1m[35m (0.4ms)[0m  [1m[35mCREATE TABLE "student_grades" ("id" INTEGER PRIMARY KEY AUTOINCREMENT NOT NULL, "student_id" integer, "grade_id" integer, "value" integer DEFAULT 0, "created_at" datetime NOT NULL, "updated_at" datetime NOT NULL, CONSTRAINT "fk_rails_ab39c2c520"
FOREIGN KEY ("student_id")
  REFERENCES "students" ("id")
, CONSTRAINT "fk_rails_96a5a0c82e"
FOREIGN KEY ("grade_id")
  REFERENCES "grades" ("id")
)[0m
  [1m[35m (0.1ms)[0m  [1m[35mCREATE  INDEX "index_student_grades_on_student_id" ON "student_grades" ("student_id")[0m
  [1m[35m (0.1ms)[0m  [1m[34m            SELECT sql
            FROM sqlite_master
            WHERE name='index_student_grades_on_student_id' AND type='index'
            UNION ALL
            SELECT sql
            FROM sqlite_temp_master
            WHERE name='index_student_grades_on_student_id' AND type='index'
[0m
  [1m[35m (0.1ms)[0m  [1m[35mCREATE  INDEX "index_student_grades_on_grade_id" ON "student_grades" ("grade_id")[0m
  [1m[35mSQL (0.1ms)[0m  [1m[32mINSERT INTO "schema_migrations" ("version") VALUES (?)[0m  [["version", "20171018011906"]]
  [1m[35m (0.9ms)[0m  [1m[36mcommit transaction[0m
  [1m[36mActiveRecord::InternalMetadata Load (0.2ms)[0m  [1m[34mSELECT  "ar_internal_metadata".* FROM "ar_internal_metadata" WHERE "ar_internal_metadata"."key" = ? LIMIT ?[0m  [["key", "environment"], ["LIMIT", 1]]
  [1m[35m (0.1ms)[0m  [1m[36mbegin transaction[0m
  [1m[35mSQL (0.4ms)[0m  [1m[32mINSERT INTO "ar_internal_metadata" ("key", "value", "created_at", "updated_at") VALUES (?, ?, ?, ?)[0m  [["key", "environment"], ["value", "development"], ["created_at", "2017-10-18 01:21:16.708375"], ["updated_at", "2017-10-18 01:21:16.708375"]]
  [1m[35m (0.7ms)[0m  [1m[36mcommit transaction[0m
  [1m[35m (0.1ms)[0m  [1m[34mSELECT "schema_migrations"."version" FROM "schema_migrations" ORDER BY "schema_migrations"."version" ASC[0m
  [1m[35m (0.1ms)[0m  [1m[34m            SELECT sql
            FROM sqlite_master
            WHERE name='index_student_grades_on_grade_id' AND type='index'
            UNION ALL
            SELECT sql
            FROM sqlite_temp_master
            WHERE name='index_student_grades_on_grade_id' AND type='index'
[0m
  [1m[35m (0.1ms)[0m  [1m[34m            SELECT sql
            FROM sqlite_master
            WHERE name='index_student_grades_on_student_id' AND type='index'
            UNION ALL
            SELECT sql
            FROM sqlite_temp_master
            WHERE name='index_student_grades_on_student_id' AND type='index'
[0m
  [1m[35m (0.1ms)[0m  [1m[34mSELECT "schema_migrations"."version" FROM "schema_migrations" ORDER BY "schema_migrations"."version" ASC[0m
  [1m[36mActiveRecord::InternalMetadata Load (0.1ms)[0m  [1m[34mSELECT  "ar_internal_metadata".* FROM "ar_internal_metadata" WHERE "ar_internal_metadata"."key" = ? LIMIT ?[0m  [["key", "environment"], ["LIMIT", 1]]
  [1m[35m (0.0ms)[0m  [1m[36mbegin transaction[0m
  [1m[35m (0.0ms)[0m  [1m[36mcommit transaction[0m
  [1m[35m (0.1ms)[0m  [1m[34mSELECT "schema_migrations"."version" FROM "schema_migrations" ORDER BY "schema_migrations"."version" ASC[0m
  [1m[35m (0.1ms)[0m  [1m[34m            SELECT sql
            FROM sqlite_master
            WHERE name='index_student_grades_on_grade_id' AND type='index'
            UNION ALL
            SELECT sql
            FROM sqlite_temp_master
            WHERE name='index_student_grades_on_grade_id' AND type='index'
[0m
  [1m[35m (0.1ms)[0m  [1m[34m            SELECT sql
            FROM sqlite_master
            WHERE name='index_student_grades_on_student_id' AND type='index'
            UNION ALL
            SELECT sql
            FROM sqlite_temp_master
            WHERE name='index_student_grades_on_student_id' AND type='index'
[0m
Started GET "/students" for 127.0.0.1 at 2017-10-17 21:21:34 -0500
  [1m[35m (0.1ms)[0m  [1m[34mSELECT "schema_migrations"."version" FROM "schema_migrations" ORDER BY "schema_migrations"."version" ASC[0m
Processing by StudentsController#index as */*
  [1m[36mStudent Load (0.2ms)[0m  [1m[34mSELECT "students".* FROM "students"[0m
Completed 200 OK in 4ms (Views: 1.2ms | ActiveRecord: 0.4ms)


Started GET "/students" for 127.0.0.1 at 2017-10-17 21:22:00 -0500
Processing by StudentsController#index as */*
  [1m[36mStudent Load (0.1ms)[0m  [1m[34mSELECT "students".* FROM "students"[0m
Completed 200 OK in 2ms (Views: 0.9ms | ActiveRecord: 0.4ms)


Started GET "/students" for 127.0.0.1 at 2017-10-17 21:22:36 -0500
Processing by StudentsController#index as */*
  [1m[36mStudent Load (0.2ms)[0m  [1m[34mSELECT "students".* FROM "students"[0m
Completed 200 OK in 1ms (Views: 0.5ms | ActiveRecord: 0.2ms)


Started GET "/students" for 127.0.0.1 at 2017-10-17 21:22:52 -0500
Processing by StudentsController#index as */*
  [1m[36mStudent Load (0.2ms)[0m  [1m[34mSELECT "students".* FROM "students"[0m
Completed 200 OK in 1ms (Views: 0.5ms | ActiveRecord: 0.2ms)


  [1m[35m (0.1ms)[0m  [1m[36mbegin transaction[0m
  [1m[35mSQL (0.4ms)[0m  [1m[32mINSERT INTO "students" ("name", "last_name", "email", "created_at", "updated_at") VALUES (?, ?, ?, ?, ?)[0m  [["name", "Nicolas"], ["last_name", "Pardo"], ["email", "n@d.c"], ["created_at", "2017-10-18 02:31:32.378779"], ["updated_at", "2017-10-18 02:31:32.378779"]]
  [1m[35m (2.0ms)[0m  [1m[36mcommit transaction[0m
Started GET "/students" for 127.0.0.1 at 2017-10-17 21:32:03 -0500
Processing by StudentsController#index as */*
  [1m[36mStudent Load (0.2ms)[0m  [1m[34mSELECT "students".* FROM "students"[0m
Completed 200 OK in 12ms (Views: 11.6ms | ActiveRecord: 0.6ms)


Started GET "/students" for 127.0.0.1 at 2017-10-17 21:33:43 -0500
Processing by StudentsController#index as */*
  [1m[36mStudent Load (0.2ms)[0m  [1m[34mSELECT "students".* FROM "students"[0m
Completed 200 OK in 1ms (Views: 1.0ms | ActiveRecord: 0.2ms)


Started GET "/students" for 127.0.0.1 at 2017-10-17 21:34:03 -0500
Processing by StudentsController#index as */*
  [1m[36mStudent Load (0.2ms)[0m  [1m[34mSELECT "students".* FROM "students"[0m
Completed 200 OK in 1ms (Views: 0.8ms | ActiveRecord: 0.2ms)


Started GET "/students" for 127.0.0.1 at 2017-10-17 21:34:29 -0500
Processing by StudentsController#index as */*
  [1m[36mStudent Load (0.2ms)[0m  [1m[34mSELECT "students".* FROM "students"[0m
Completed 200 OK in 1ms (Views: 0.9ms | ActiveRecord: 0.2ms)


Started GET "/students" for 127.0.0.1 at 2017-10-17 21:34:51 -0500
Processing by StudentsController#index as */*
  [1m[36mStudent Load (0.2ms)[0m  [1m[34mSELECT "students".* FROM "students"[0m
Completed 200 OK in 1ms (Views: 0.9ms | ActiveRecord: 0.2ms)


Started GET "/students" for 127.0.0.1 at 2017-10-17 21:35:25 -0500
Processing by StudentsController#index as */*
  [1m[36mStudent Load (0.2ms)[0m  [1m[34mSELECT "students".* FROM "students"[0m
Completed 200 OK in 1ms (Views: 0.9ms | ActiveRecord: 0.2ms)


Started GET "/students" for 127.0.0.1 at 2017-10-17 21:36:29 -0500
Processing by StudentsController#index as */*
  [1m[36mStudent Load (0.2ms)[0m  [1m[34mSELECT "students".* FROM "students"[0m
Completed 200 OK in 1ms (Views: 0.9ms | ActiveRecord: 0.2ms)


Started GET "/students" for 127.0.0.1 at 2017-10-17 21:36:57 -0500
Processing by StudentsController#index as */*
  [1m[36mStudent Load (0.2ms)[0m  [1m[34mSELECT "students".* FROM "students"[0m
Completed 200 OK in 1ms (Views: 0.8ms | ActiveRecord: 0.2ms)


Started GET "/students" for 127.0.0.1 at 2017-10-17 21:37:20 -0500
Processing by StudentsController#index as */*
  [1m[36mStudent Load (0.2ms)[0m  [1m[34mSELECT "students".* FROM "students"[0m
Completed 200 OK in 1ms (Views: 0.9ms | ActiveRecord: 0.2ms)


  [1m[35m (0.1ms)[0m  [1m[36mbegin transaction[0m
  [1m[35mSQL (0.3ms)[0m  [1m[32mINSERT INTO "students" ("name", "last_name", "email", "created_at", "updated_at") VALUES (?, ?, ?, ?, ?)[0m  [["name", "Jorge"], ["last_name", "Yonga"], ["email", "y@d.c"], ["created_at", "2017-10-18 02:39:24.543797"], ["updated_at", "2017-10-18 02:39:24.543797"]]
  [1m[35m (1.9ms)[0m  [1m[36mcommit transaction[0m
Started GET "/students" for 127.0.0.1 at 2017-10-17 21:40:18 -0500
Processing by StudentsController#index as */*
  [1m[36mStudent Load (0.2ms)[0m  [1m[34mSELECT "students".* FROM "students"[0m
Completed 200 OK in 2ms (Views: 1.2ms | ActiveRecord: 0.2ms)


Started GET "/students" for 127.0.0.1 at 2017-10-17 21:40:48 -0500
Processing by StudentsController#index as */*
  [1m[36mStudent Load (0.2ms)[0m  [1m[34mSELECT "students".* FROM "students"[0m
Completed 200 OK in 1ms (Views: 1.1ms | ActiveRecord: 0.2ms)


  [1m[35m (0.2ms)[0m  [1m[34mSELECT "schema_migrations"."version" FROM "schema_migrations" ORDER BY "schema_migrations"."version" ASC[0m
Migrating to AddColumnToStudent (20171018024647)
  [1m[35m (0.1ms)[0m  [1m[36mbegin transaction[0m
  [1m[35m (0.4ms)[0m  [1m[35mALTER TABLE "students" ADD "img" text[0m
  [1m[35mSQL (0.2ms)[0m  [1m[32mINSERT INTO "schema_migrations" ("version") VALUES (?)[0m  [["version", "20171018024647"]]
  [1m[35m (0.7ms)[0m  [1m[36mcommit transaction[0m
  [1m[36mActiveRecord::InternalMetadata Load (0.2ms)[0m  [1m[34mSELECT  "ar_internal_metadata".* FROM "ar_internal_metadata" WHERE "ar_internal_metadata"."key" = ? LIMIT ?[0m  [["key", "environment"], ["LIMIT", 1]]
  [1m[35m (0.1ms)[0m  [1m[36mbegin transaction[0m
  [1m[35m (0.1ms)[0m  [1m[36mcommit transaction[0m
  [1m[35m (0.1ms)[0m  [1m[34mSELECT "schema_migrations"."version" FROM "schema_migrations" ORDER BY "schema_migrations"."version" ASC[0m
  [1m[35m (0.1ms)[0m  [1m[34m            SELECT sql
            FROM sqlite_master
            WHERE name='index_student_grades_on_grade_id' AND type='index'
            UNION ALL
            SELECT sql
            FROM sqlite_temp_master
            WHERE name='index_student_grades_on_grade_id' AND type='index'
[0m
  [1m[35m (0.1ms)[0m  [1m[34m            SELECT sql
            FROM sqlite_master
            WHERE name='index_student_grades_on_student_id' AND type='index'
            UNION ALL
            SELECT sql
            FROM sqlite_temp_master
            WHERE name='index_student_grades_on_student_id' AND type='index'
[0m
  [1m[36mStudent Load (0.1ms)[0m  [1m[34mSELECT  "students".* FROM "students" ORDER BY "students"."id" ASC LIMIT ?[0m  [["LIMIT", 1]]
  [1m[35m (0.1ms)[0m  [1m[36mbegin transaction[0m
  [1m[35mSQL (0.4ms)[0m  [1m[33mUPDATE "students" SET "updated_at" = ?, "img" = ? WHERE "students"."id" = ?[0m  [["updated_at", "2017-10-18 02:48:51.880400"], ["img", "https://mir-s3-cdn-cf.behance.net/user/276/28aa3011339895.579d8cd352946.png"], ["id", 1]]
  [1m[35m (1.9ms)[0m  [1m[36mcommit transaction[0m
Started GET "/students" for 127.0.0.1 at 2017-10-17 21:49:00 -0500
  [1m[35m (0.1ms)[0m  [1m[34mSELECT "schema_migrations"."version" FROM "schema_migrations" ORDER BY "schema_migrations"."version" ASC[0m
Processing by StudentsController#index as */*
  [1m[36mStudent Load (0.2ms)[0m  [1m[34mSELECT "students".* FROM "students"[0m
Completed 200 OK in 13ms (Views: 10.3ms | ActiveRecord: 0.9ms)


  [1m[35m (0.1ms)[0m  [1m[36mbegin transaction[0m
  [1m[35m (0.0ms)[0m  [1m[36mcommit transaction[0m
Started GET "/students" for 127.0.0.1 at 2017-10-17 21:50:07 -0500
Processing by StudentsController#index as */*
  [1m[36mStudent Load (0.2ms)[0m  [1m[34mSELECT "students".* FROM "students"[0m
Completed 200 OK in 2ms (Views: 1.7ms | ActiveRecord: 0.2ms)


  [1m[35m (0.1ms)[0m  [1m[36mbegin transaction[0m
  [1m[35mSQL (0.3ms)[0m  [1m[33mUPDATE "students" SET "updated_at" = ?, "img" = ? WHERE "students"."id" = ?[0m  [["updated_at", "2017-10-18 02:50:26.762402"], ["img", "https://scontent-sea1-1.cdninstagram.com/t51.2885-15/s480x480/e35/12501495_872906616159707_1352795913_n.jpg?ig_cache_key=MTE3MDU3MjM0NjY1MDgyMDgyMQ%3D%3D.2"], ["id", 1]]
  [1m[35m (1.9ms)[0m  [1m[36mcommit transaction[0m
Started GET "/students" for 127.0.0.1 at 2017-10-17 21:50:31 -0500
Processing by StudentsController#index as */*
  [1m[36mStudent Load (0.2ms)[0m  [1m[34mSELECT "students".* FROM "students"[0m
Completed 200 OK in 2ms (Views: 1.2ms | ActiveRecord: 0.2ms)


  [1m[36mStudent Load (0.2ms)[0m  [1m[34mSELECT  "students".* FROM "students" ORDER BY "students"."id" DESC LIMIT ?[0m  [["LIMIT", 1]]
  [1m[35m (0.1ms)[0m  [1m[36mbegin transaction[0m
  [1m[35mSQL (0.3ms)[0m  [1m[33mUPDATE "students" SET "updated_at" = ?, "img" = ? WHERE "students"."id" = ?[0m  [["updated_at", "2017-10-18 02:51:16.503521"], ["img", "https://pbs.twimg.com/profile_images/3025857117/1853e27776b47044d7cfe1b2e419ca72.jpeg"], ["id", 2]]
  [1m[35m (1.9ms)[0m  [1m[36mcommit transaction[0m
Started GET "/students" for 127.0.0.1 at 2017-10-17 21:51:19 -0500
Processing by StudentsController#index as */*
  [1m[36mStudent Load (0.2ms)[0m  [1m[34mSELECT "students".* FROM "students"[0m
Completed 200 OK in 2ms (Views: 1.2ms | ActiveRecord: 0.2ms)


  [1m[35m (0.1ms)[0m  [1m[36mbegin transaction[0m
  [1m[35m (0.0ms)[0m  [1m[36mcommit transaction[0m
Started GET "/students" for 127.0.0.1 at 2017-10-17 21:52:00 -0500
Processing by StudentsController#index as */*
  [1m[36mStudent Load (0.2ms)[0m  [1m[34mSELECT "students".* FROM "students"[0m
Completed 200 OK in 2ms (Views: 1.2ms | ActiveRecord: 0.2ms)


  [1m[35m (0.1ms)[0m  [1m[36mbegin transaction[0m
  [1m[35mSQL (0.3ms)[0m  [1m[33mUPDATE "students" SET "updated_at" = ?, "img" = ? WHERE "students"."id" = ?[0m  [["updated_at", "2017-10-18 02:52:41.626705"], ["img", "http://cdnak1.psbin.com/img/mw=300/cr=n/d=cwucw/h0t25il1erhgzui6.jpg"], ["id", 2]]
  [1m[35m (1.9ms)[0m  [1m[36mcommit transaction[0m
Started GET "/students" for 127.0.0.1 at 2017-10-17 21:52:44 -0500
Processing by StudentsController#index as */*
  [1m[36mStudent Load (0.2ms)[0m  [1m[34mSELECT "students".* FROM "students"[0m
Completed 200 OK in 2ms (Views: 1.6ms | ActiveRecord: 0.2ms)


Started GET "/students" for 127.0.0.1 at 2017-10-17 21:52:46 -0500
Processing by StudentsController#index as */*
  [1m[36mStudent Load (0.2ms)[0m  [1m[34mSELECT "students".* FROM "students"[0m
Completed 200 OK in 2ms (Views: 1.2ms | ActiveRecord: 0.2ms)


Started GET "/students" for 127.0.0.1 at 2017-10-17 21:53:14 -0500
Processing by StudentsController#index as */*
  [1m[36mStudent Load (0.2ms)[0m  [1m[34mSELECT "students".* FROM "students"[0m
Completed 200 OK in 2ms (Views: 1.2ms | ActiveRecord: 0.2ms)


Started GET "/students" for 127.0.0.1 at 2017-10-17 21:53:21 -0500
Processing by StudentsController#index as */*
  [1m[36mStudent Load (0.2ms)[0m  [1m[34mSELECT "students".* FROM "students"[0m
Completed 200 OK in 2ms (Views: 1.1ms | ActiveRecord: 0.2ms)


