  [1m[35m (0.1ms)[0m  [1m[34mSELECT sqlite_version(*)[0m
  [1m[35m (1.1ms)[0m  [1m[35mCREATE TABLE "schema_migrations" ("version" varchar NOT NULL PRIMARY KEY)[0m
  [1m[35m (0.9ms)[0m  [1m[35mCREATE TABLE "ar_internal_metadata" ("key" varchar NOT NULL PRIMARY KEY, "value" varchar, "created_at" datetime NOT NULL, "updated_at" datetime NOT NULL)[0m
  [1m[35m (0.2ms)[0m  [1m[34mSELECT "schema_migrations"."version" FROM "schema_migrations" ORDER BY "schema_migrations"."version" ASC[0m
Migrating to CreateUsers (20170914025343)
  [1m[35m (0.1ms)[0m  [1m[36mbegin transaction[0m
  [1m[35m (0.4ms)[0m  [1m[35mCREATE TABLE "users" ("id" INTEGER PRIMARY KEY AUTOINCREMENT NOT NULL, "type" varchar, "gov_id" varchar, "name" varchar, "email" varchar, "password_digest" varchar NOT NULL, "created_at" datetime NOT NULL, "updated_at" datetime NOT NULL)[0m
  [1m[35m (0.3ms)[0m  [1m[35mCREATE UNIQUE INDEX "index_users_on_email" ON "users" ("email")[0m
  [1m[35mSQL (0.2ms)[0m  [1m[32mINSERT INTO "schema_migrations" ("version") VALUES (?)[0m  [["version", "20170914025343"]]
  [1m[35m (1.0ms)[0m  [1m[36mcommit transaction[0m
  [1m[36mActiveRecord::InternalMetadata Load (0.1ms)[0m  [1m[34mSELECT  "ar_internal_metadata".* FROM "ar_internal_metadata" WHERE "ar_internal_metadata"."key" = ? LIMIT ?[0m  [["key", "environment"], ["LIMIT", 1]]
  [1m[35m (0.1ms)[0m  [1m[36mbegin transaction[0m
  [1m[35mSQL (0.3ms)[0m  [1m[32mINSERT INTO "ar_internal_metadata" ("key", "value", "created_at", "updated_at") VALUES (?, ?, ?, ?)[0m  [["key", "environment"], ["value", "development"], ["created_at", "2017-09-20 00:16:15.736361"], ["updated_at", "2017-09-20 00:16:15.736361"]]
  [1m[35m (0.9ms)[0m  [1m[36mcommit transaction[0m
  [1m[35m (0.1ms)[0m  [1m[34mSELECT "schema_migrations"."version" FROM "schema_migrations" ORDER BY "schema_migrations"."version" ASC[0m
  [1m[35m (0.1ms)[0m  [1m[34m            SELECT sql
            FROM sqlite_master
            WHERE name='index_users_on_email' AND type='index'
            UNION ALL
            SELECT sql
            FROM sqlite_temp_master
            WHERE name='index_users_on_email' AND type='index'
[0m
Started GET "/" for 127.0.0.1 at 2017-09-19 19:16:31 -0500
  [1m[35m (0.1ms)[0m  [1m[34mSELECT "schema_migrations"."version" FROM "schema_migrations" ORDER BY "schema_migrations"."version" ASC[0m
Processing by SessionsController#welcome as HTML
  [1m[36mUser Load (0.2ms)[0m  [1m[34mSELECT  "users".* FROM "users" WHERE "users"."id" IS NULL LIMIT ?[0m  [["LIMIT", 1]]
Redirected to http://localhost:3000/sessions/new
Filter chain halted as :authenticate_user! rendered or redirected
Completed 302 Found in 13ms (ActiveRecord: 0.4ms)


Started GET "/sessions/new" for 127.0.0.1 at 2017-09-19 19:16:31 -0500
Processing by SessionsController#new as HTML
  Rendering sessions/new.html.erb within layouts/application
  Rendered sessions/new.html.erb within layouts/application (12.3ms)
Completed 200 OK in 1282ms (Views: 1280.0ms | ActiveRecord: 0.0ms)


Started POST "/sessions" for 127.0.0.1 at 2017-09-19 19:16:46 -0500
Processing by SessionsController#create as HTML
  Parameters: {"utf8"=>"✓", "authenticity_token"=>"naqAt9CzhHUpaFcF9JWQB2KCFs0t8A8lrVgNpk8tPUbKCq/OAbbcmmxNI97vQQ1YNUbhJYg235gZatit4NWIsw==", "session"=>{"email"=>"asd@s.c", "password"=>"[FILTERED]"}, "commit"=>"Save Session"}
  [1m[36mUser Load (0.2ms)[0m  [1m[34mSELECT  "users".* FROM "users" WHERE "users"."email" = ? LIMIT ?[0m  [["email", "asd@s.c"], ["LIMIT", 1]]
Redirected to http://localhost:3000/sessions/new
Completed 302 Found in 4ms (ActiveRecord: 0.2ms)


Started GET "/sessions/new" for 127.0.0.1 at 2017-09-19 19:16:46 -0500
Processing by SessionsController#new as HTML
  Rendering sessions/new.html.erb within layouts/application
  Rendered sessions/new.html.erb within layouts/application (2.1ms)
Completed 200 OK in 22ms (Views: 20.2ms | ActiveRecord: 0.0ms)


  [1m[36mUser Load (1.1ms)[0m  [1m[34mSELECT  "users".* FROM "users" LIMIT ?[0m  [["LIMIT", 11]]
  [1m[35m (0.1ms)[0m  [1m[36mbegin transaction[0m
  [1m[35m (0.0ms)[0m  [1m[31mrollback transaction[0m
  [1m[35m (0.1ms)[0m  [1m[36mbegin transaction[0m
  [1m[35m (0.1ms)[0m  [1m[31mrollback transaction[0m
  [1m[35m (0.1ms)[0m  [1m[36mbegin transaction[0m
  [1m[35m (0.0ms)[0m  [1m[31mrollback transaction[0m
  [1m[35m (0.1ms)[0m  [1m[36mbegin transaction[0m
  [1m[35mSQL (0.4ms)[0m  [1m[32mINSERT INTO "users" ("email", "password_digest", "created_at", "updated_at") VALUES (?, ?, ?, ?)[0m  [["email", "n@d.c"], ["password_digest", "asdoqwnd"], ["created_at", "2017-09-20 01:29:26.522648"], ["updated_at", "2017-09-20 01:29:26.522648"]]
  [1m[35m (1.9ms)[0m  [1m[36mcommit transaction[0m
  [1m[35m (0.1ms)[0m  [1m[36mbegin transaction[0m
  [1m[35mSQL (0.7ms)[0m  [1m[32mINSERT INTO "users" ("email", "password_digest", "created_at", "updated_at") VALUES (?, ?, ?, ?)[0m  [["email", "n@d.g"], ["password_digest", "asdoqwn"], ["created_at", "2017-09-20 01:45:08.184922"], ["updated_at", "2017-09-20 01:45:08.184922"]]
  [1m[35m (124.6ms)[0m  [1m[36mcommit transaction[0m
  [1m[35m (0.1ms)[0m  [1m[36mbegin transaction[0m
  [1m[35m (0.1ms)[0m  [1m[31mrollback transaction[0m
  [1m[35m (0.1ms)[0m  [1m[36mbegin transaction[0m
  [1m[35m (0.1ms)[0m  [1m[31mrollback transaction[0m
  [1m[35m (0.1ms)[0m  [1m[36mbegin transaction[0m
  [1m[35mSQL (0.9ms)[0m  [1m[32mINSERT INTO "users" ("email", "password_digest", "created_at", "updated_at") VALUES (?, ?, ?, ?)[0m  [["email", "n@d.f"], ["password_digest", "asdoqwfn"], ["created_at", "2017-09-20 01:48:13.862641"], ["updated_at", "2017-09-20 01:48:13.862641"]]
  [1m[35m (2.0ms)[0m  [1m[36mcommit transaction[0m
Started GET "/sessions/new" for 127.0.0.1 at 2017-09-19 20:49:07 -0500
  [1m[35m (0.1ms)[0m  [1m[34mSELECT "schema_migrations"."version" FROM "schema_migrations" ORDER BY "schema_migrations"."version" ASC[0m
Processing by SessionsController#new as HTML
  Rendering sessions/new.html.erb within layouts/application
  Rendered sessions/new.html.erb within layouts/application (17.9ms)
Completed 200 OK in 267ms (Views: 257.2ms | ActiveRecord: 0.0ms)


Started POST "/sessions" for 127.0.0.1 at 2017-09-19 20:49:19 -0500
Processing by SessionsController#create as HTML
  Parameters: {"utf8"=>"✓", "authenticity_token"=>"9gAzk2ydhjflB7bWNumGoNVNBkijbJByqBDn3IPuCKWhoBzqvZje2KAiwg0tPRv/gonxoAaqQM8cIjLXLBa9UA==", "session"=>{"email"=>"n@d.f", "password_digest"=>"[FILTERED]"}, "commit"=>"Save Session"}
Unpermitted parameter: :password_digest
  [1m[36mUser Load (0.3ms)[0m  [1m[34mSELECT  "users".* FROM "users" WHERE "users"."email" = ? LIMIT ?[0m  [["email", "n@d.f"], ["LIMIT", 1]]
Unpermitted parameter: :password_digest
Completed 500 Internal Server Error in 123ms (ActiveRecord: 0.9ms)


  
NoMethodError (undefined method `authenticate' for #<User:0x007f9b02791f68>):
  
app/controllers/sessions_controller.rb:10:in `create'
Started GET "/sessions/new" for 127.0.0.1 at 2017-09-19 21:02:48 -0500
Processing by SessionsController#new as HTML
  Rendering sessions/new.html.erb within layouts/application
  Rendered sessions/new.html.erb within layouts/application (1.5ms)
Completed 200 OK in 20ms (Views: 18.1ms)


Started POST "/sessions" for 127.0.0.1 at 2017-09-19 21:02:50 -0500
Processing by SessionsController#create as HTML
  Parameters: {"utf8"=>"✓", "authenticity_token"=>"HaDamiYlRgiHH/r88NRkb7Vo0Wqd0sIbbiDs527agtVKAPXj9yAe58I6jifrAPkw4qwmgjgUEqbaEjnswSI3IA==", "session"=>{"email"=>"n@d.f", "password_digest"=>"[FILTERED]"}, "commit"=>"Save Session"}
Unpermitted parameter: :password_digest
  [1m[36mUser Load (0.3ms)[0m  [1m[34mSELECT  "users".* FROM "users" WHERE "users"."email" = ? LIMIT ?[0m  [["email", "n@d.f"], ["LIMIT", 1]]
Unpermitted parameter: :password_digest
Completed 500 Internal Server Error in 16ms (ActiveRecord: 1.2ms)


  
ArgumentError (wrong number of arguments (given 1, expected 0)):
  
app/models/user.rb:11:in `authenticate'
app/controllers/sessions_controller.rb:10:in `create'
Started POST "/sessions" for 127.0.0.1 at 2017-09-19 21:03:43 -0500
Processing by SessionsController#create as HTML
  Parameters: {"utf8"=>"✓", "authenticity_token"=>"HaDamiYlRgiHH/r88NRkb7Vo0Wqd0sIbbiDs527agtVKAPXj9yAe58I6jifrAPkw4qwmgjgUEqbaEjnswSI3IA==", "session"=>{"email"=>"n@d.f", "password_digest"=>"[FILTERED]"}, "commit"=>"Save Session"}
Completed 500 Internal Server Error in 1ms


  
SyntaxError (/Users/cjc10/capital-junior-college/ruby-on-rails/parking/app/models/user.rb:11: syntax error, unexpected '.', expecting ';' or '\n'
	def authenticate session.password_digest
	                         ^
/Users/cjc10/capital-junior-college/ruby-on-rails/parking/app/models/user.rb:53: syntax error, unexpected keyword_end, expecting end-of-input):
  
app/models/user.rb:11: syntax error, unexpected '.', expecting ';' or '\n'
app/models/user.rb:53: syntax error, unexpected keyword_end, expecting end-of-input
app/controllers/sessions_controller.rb:9:in `create'
Started POST "/sessions" for 127.0.0.1 at 2017-09-19 21:04:03 -0500
Processing by SessionsController#create as HTML
  Parameters: {"utf8"=>"✓", "authenticity_token"=>"HaDamiYlRgiHH/r88NRkb7Vo0Wqd0sIbbiDs527agtVKAPXj9yAe58I6jifrAPkw4qwmgjgUEqbaEjnswSI3IA==", "session"=>{"email"=>"n@d.f", "password_digest"=>"[FILTERED]"}, "commit"=>"Save Session"}
Completed 500 Internal Server Error in 1ms


  
SyntaxError (/Users/cjc10/capital-junior-college/ruby-on-rails/parking/app/models/user.rb:11: syntax error, unexpected '[', expecting ';' or '\n'
	def authenticate session[:password_digest]
	                         ^
/Users/cjc10/capital-junior-college/ruby-on-rails/parking/app/models/user.rb:53: syntax error, unexpected keyword_end, expecting end-of-input):
  
app/models/user.rb:11: syntax error, unexpected '[', expecting ';' or '\n'
app/models/user.rb:53: syntax error, unexpected keyword_end, expecting end-of-input
app/controllers/sessions_controller.rb:9:in `create'
Started POST "/sessions" for 127.0.0.1 at 2017-09-19 21:04:22 -0500
Processing by SessionsController#create as HTML
  Parameters: {"utf8"=>"✓", "authenticity_token"=>"HaDamiYlRgiHH/r88NRkb7Vo0Wqd0sIbbiDs527agtVKAPXj9yAe58I6jifrAPkw4qwmgjgUEqbaEjnswSI3IA==", "session"=>{"email"=>"n@d.f", "password_digest"=>"[FILTERED]"}, "commit"=>"Save Session"}
Completed 500 Internal Server Error in 2ms


  
SyntaxError (/Users/cjc10/capital-junior-college/ruby-on-rails/parking/app/models/user.rb:11: syntax error, unexpected ':', expecting ';' or '\n'
	def authenticate :session[:password_digest]
	                  ^
/Users/cjc10/capital-junior-college/ruby-on-rails/parking/app/models/user.rb:53: syntax error, unexpected keyword_end, expecting end-of-input):
  
app/models/user.rb:11: syntax error, unexpected ':', expecting ';' or '\n'
app/models/user.rb:53: syntax error, unexpected keyword_end, expecting end-of-input
app/controllers/sessions_controller.rb:9:in `create'
Started POST "/sessions" for 127.0.0.1 at 2017-09-19 21:06:10 -0500
Processing by SessionsController#create as HTML
  Parameters: {"utf8"=>"✓", "authenticity_token"=>"HaDamiYlRgiHH/r88NRkb7Vo0Wqd0sIbbiDs527agtVKAPXj9yAe58I6jifrAPkw4qwmgjgUEqbaEjnswSI3IA==", "session"=>{"email"=>"n@d.f", "password_digest"=>"[FILTERED]"}, "commit"=>"Save Session"}
Unpermitted parameter: :password_digest
  [1m[36mUser Load (0.2ms)[0m  [1m[34mSELECT  "users".* FROM "users" WHERE "users"."email" = ? LIMIT ?[0m  [["email", "n@d.f"], ["LIMIT", 1]]
Unpermitted parameter: :password_digest
Completed 500 Internal Server Error in 15ms (ActiveRecord: 1.2ms)


  
ArgumentError (wrong number of arguments (given 1, expected 0)):
  
app/models/user.rb:11:in `authenticate'
app/controllers/sessions_controller.rb:10:in `create'
Started POST "/sessions" for 127.0.0.1 at 2017-09-19 21:06:34 -0500
Processing by SessionsController#create as HTML
  Parameters: {"utf8"=>"✓", "authenticity_token"=>"HaDamiYlRgiHH/r88NRkb7Vo0Wqd0sIbbiDs527agtVKAPXj9yAe58I6jifrAPkw4qwmgjgUEqbaEjnswSI3IA==", "session"=>{"email"=>"n@d.f", "password_digest"=>"[FILTERED]"}, "commit"=>"Save Session"}
Unpermitted parameter: :password_digest
  [1m[36mUser Load (0.2ms)[0m  [1m[34mSELECT  "users".* FROM "users" WHERE "users"."email" = ? LIMIT ?[0m  [["email", "n@d.f"], ["LIMIT", 1]]
Unpermitted parameter: :password_digest
Completed 500 Internal Server Error in 23ms (ActiveRecord: 1.1ms)


  
NameError (undefined local variable or method `params' for #<User:0x007f9b073e99b0>):
  
app/models/user.rb:50:in `session_params'
app/models/user.rb:12:in `authenticate'
app/controllers/sessions_controller.rb:10:in `create'
Started POST "/sessions" for 127.0.0.1 at 2017-09-19 21:07:01 -0500
Processing by SessionsController#create as HTML
  Parameters: {"utf8"=>"✓", "authenticity_token"=>"HaDamiYlRgiHH/r88NRkb7Vo0Wqd0sIbbiDs527agtVKAPXj9yAe58I6jifrAPkw4qwmgjgUEqbaEjnswSI3IA==", "session"=>{"email"=>"n@d.f", "password_digest"=>"[FILTERED]"}, "commit"=>"Save Session"}
Unpermitted parameter: :password_digest
  [1m[36mUser Load (0.1ms)[0m  [1m[34mSELECT  "users".* FROM "users" WHERE "users"."email" = ? LIMIT ?[0m  [["email", "n@d.f"], ["LIMIT", 1]]
Unpermitted parameter: :password_digest
Completed 500 Internal Server Error in 10ms (ActiveRecord: 0.1ms)


  
NameError (undefined local variable or method `params' for #<User:0x007f9b09028d60>):
  
app/models/user.rb:50:in `session_params'
app/models/user.rb:12:in `authenticate'
app/controllers/sessions_controller.rb:10:in `create'
Started POST "/sessions" for 127.0.0.1 at 2017-09-19 21:08:46 -0500
Processing by SessionsController#create as HTML
  Parameters: {"utf8"=>"✓", "authenticity_token"=>"HaDamiYlRgiHH/r88NRkb7Vo0Wqd0sIbbiDs527agtVKAPXj9yAe58I6jifrAPkw4qwmgjgUEqbaEjnswSI3IA==", "session"=>{"email"=>"n@d.f", "password_digest"=>"[FILTERED]"}, "commit"=>"Save Session"}
Unpermitted parameter: :password_digest
  [1m[36mUser Load (0.2ms)[0m  [1m[34mSELECT  "users".* FROM "users" WHERE "users"."email" = ? LIMIT ?[0m  [["email", "n@d.f"], ["LIMIT", 1]]
Unpermitted parameter: :password_digest
Completed 500 Internal Server Error in 15ms (ActiveRecord: 1.1ms)


  
ArgumentError (wrong number of arguments (given 1, expected 0)):
  
app/models/user.rb:11:in `authenticate'
app/controllers/sessions_controller.rb:10:in `create'
Started POST "/sessions" for 127.0.0.1 at 2017-09-19 21:11:29 -0500
Processing by SessionsController#create as HTML
  Parameters: {"utf8"=>"✓", "authenticity_token"=>"HaDamiYlRgiHH/r88NRkb7Vo0Wqd0sIbbiDs527agtVKAPXj9yAe58I6jifrAPkw4qwmgjgUEqbaEjnswSI3IA==", "session"=>{"email"=>"n@d.f", "password_digest"=>"[FILTERED]"}, "commit"=>"Save Session"}
Unpermitted parameter: :password_digest
  [1m[36mUser Load (0.1ms)[0m  [1m[34mSELECT  "users".* FROM "users" WHERE "users"."email" = ? LIMIT ?[0m  [["email", "n@d.f"], ["LIMIT", 1]]
Unpermitted parameter: :password_digest
Completed 500 Internal Server Error in 24ms (ActiveRecord: 1.0ms)


  
NameError (undefined local variable or method `params' for #<User:0x007f9b0723afb0>):
  
app/models/user.rb:50:in `session_params'
app/models/user.rb:12:in `authenticate'
app/controllers/sessions_controller.rb:10:in `create'
Started POST "/sessions" for 127.0.0.1 at 2017-09-19 21:15:31 -0500
Processing by SessionsController#create as HTML
  Parameters: {"utf8"=>"✓", "authenticity_token"=>"HaDamiYlRgiHH/r88NRkb7Vo0Wqd0sIbbiDs527agtVKAPXj9yAe58I6jifrAPkw4qwmgjgUEqbaEjnswSI3IA==", "session"=>{"email"=>"n@d.f", "password_digest"=>"[FILTERED]"}, "commit"=>"Save Session"}
Unpermitted parameter: :password_digest
  [1m[36mUser Load (0.1ms)[0m  [1m[34mSELECT  "users".* FROM "users" WHERE "users"."email" = ? LIMIT ?[0m  [["email", "n@d.f"], ["LIMIT", 1]]
Unpermitted parameter: :password_digest
  [1m[36mCACHE User Load (0.0ms)[0m  [1m[34mSELECT  "users".* FROM "users" WHERE "users"."email" = ? LIMIT ?[0m  [["email", "n@d.f"], ["LIMIT", 1]]
  [1m[36mCACHE User Load (0.0ms)[0m  [1m[34mSELECT  "users".* FROM "users" WHERE "users"."email" = ? LIMIT ?[0m  [["email", "n@d.f"], ["LIMIT", 1]]
Completed 500 Internal Server Error in 29ms (ActiveRecord: 1.0ms)


  
NameError (undefined local variable or method `welcome_path' for #<User:0x007f9b08175548>):
  
app/models/user.rb:18:in `authenticate'
app/controllers/sessions_controller.rb:10:in `create'
Started POST "/sessions" for 127.0.0.1 at 2017-09-19 21:17:09 -0500
Processing by SessionsController#create as HTML
  Parameters: {"utf8"=>"✓", "authenticity_token"=>"HaDamiYlRgiHH/r88NRkb7Vo0Wqd0sIbbiDs527agtVKAPXj9yAe58I6jifrAPkw4qwmgjgUEqbaEjnswSI3IA==", "session"=>{"email"=>"n@d.f", "password_digest"=>"[FILTERED]"}, "commit"=>"Save Session"}
Unpermitted parameter: :password_digest
  [1m[36mUser Load (0.2ms)[0m  [1m[34mSELECT  "users".* FROM "users" WHERE "users"."email" = ? LIMIT ?[0m  [["email", "n@d.f"], ["LIMIT", 1]]
Unpermitted parameter: :password_digest
  [1m[36mCACHE User Load (0.0ms)[0m  [1m[34mSELECT  "users".* FROM "users" WHERE "users"."email" = ? LIMIT ?[0m  [["email", "n@d.f"], ["LIMIT", 1]]
Redirected to http://localhost:3000/sessions/welcome
Completed 302 Found in 18ms (ActiveRecord: 1.1ms)


Started GET "/sessions/welcome" for 127.0.0.1 at 2017-09-19 21:17:09 -0500
Processing by SessionsController#welcome as HTML
  [1m[36mUser Load (0.2ms)[0m  [1m[34mSELECT  "users".* FROM "users" WHERE "users"."id" = ? LIMIT ?[0m  [["id", 3], ["LIMIT", 1]]
  Rendering sessions/welcome.html.erb within layouts/application
  Rendered sessions/welcome.html.erb within layouts/application (0.5ms)
Completed 200 OK in 21ms (Views: 17.3ms | ActiveRecord: 0.2ms)


Started DELETE "/sessions" for 127.0.0.1 at 2017-09-19 21:17:21 -0500
Processing by SessionsController#destroy as HTML
  Parameters: {"authenticity_token"=>"tZK/K2eLBZBrEx6Z8kKoGA8EPXhw3y0D77P7aJY7WsziMpBSto5dfy42akLpljVHWMDKkNUZ/b5bgS5jOcPvOQ=="}
  [1m[36mUser Load (0.2ms)[0m  [1m[34mSELECT  "users".* FROM "users" WHERE "users"."id" = ? LIMIT ?[0m  [["id", 3], ["LIMIT", 1]]
Redirected to http://localhost:3000/sessions/welcome
Completed 302 Found in 15ms (ActiveRecord: 1.1ms)


Started GET "/sessions/welcome" for 127.0.0.1 at 2017-09-19 21:17:21 -0500
Processing by SessionsController#welcome as HTML
  [1m[36mUser Load (0.2ms)[0m  [1m[34mSELECT  "users".* FROM "users" WHERE "users"."id" IS NULL LIMIT ?[0m  [["LIMIT", 1]]
Redirected to http://localhost:3000/sessions/new
Filter chain halted as :authenticate_user! rendered or redirected
Completed 302 Found in 2ms (ActiveRecord: 0.2ms)


Started GET "/sessions/new" for 127.0.0.1 at 2017-09-19 21:17:21 -0500
Processing by SessionsController#new as HTML
  Rendering sessions/new.html.erb within layouts/application
  Rendered sessions/new.html.erb within layouts/application (1.5ms)
Completed 200 OK in 20ms (Views: 17.8ms | ActiveRecord: 0.0ms)


Started POST "/sessions" for 127.0.0.1 at 2017-09-19 21:17:32 -0500
Processing by SessionsController#create as HTML
  Parameters: {"utf8"=>"✓", "authenticity_token"=>"797m26lUF8OMqjpUaL56iOoUk14ivf+GZuO7ldM31+G4fsmieFFPLMmPTo9zaufXvdBktod7LzvS0W6efM9iFA==", "session"=>{"email"=>"n@d.f", "password_digest"=>"[FILTERED]"}, "commit"=>"Save Session"}
Unpermitted parameter: :password_digest
  [1m[36mUser Load (0.3ms)[0m  [1m[34mSELECT  "users".* FROM "users" WHERE "users"."email" = ? LIMIT ?[0m  [["email", "n@d.f"], ["LIMIT", 1]]
Unpermitted parameter: :password_digest
  [1m[36mCACHE User Load (0.0ms)[0m  [1m[34mSELECT  "users".* FROM "users" WHERE "users"."email" = ? LIMIT ?[0m  [["email", "n@d.f"], ["LIMIT", 1]]
Redirected to http://localhost:3000/sessions/new
Completed 302 Found in 3ms (ActiveRecord: 0.3ms)


Started GET "/sessions/new" for 127.0.0.1 at 2017-09-19 21:17:32 -0500
Processing by SessionsController#new as HTML
  Rendering sessions/new.html.erb within layouts/application
  Rendered sessions/new.html.erb within layouts/application (1.5ms)
Completed 200 OK in 20ms (Views: 17.8ms | ActiveRecord: 0.0ms)


Started POST "/sessions" for 127.0.0.1 at 2017-09-19 21:17:42 -0500
Processing by SessionsController#create as HTML
  Parameters: {"utf8"=>"✓", "authenticity_token"=>"kVuQLgluEOgY9Pop8E14Wf+UTN1N9zw9jxRUcOfx5XLG+79X2GtIB13RjvLrmeUGqFC7Negx7IA7JoF7SAlQhw==", "session"=>{"email"=>"n@d.f", "password_digest"=>"[FILTERED]"}, "commit"=>"Save Session"}
Unpermitted parameter: :password_digest
  [1m[36mUser Load (0.1ms)[0m  [1m[34mSELECT  "users".* FROM "users" WHERE "users"."email" = ? LIMIT ?[0m  [["email", "n@d.f"], ["LIMIT", 1]]
Unpermitted parameter: :password_digest
  [1m[36mCACHE User Load (0.0ms)[0m  [1m[34mSELECT  "users".* FROM "users" WHERE "users"."email" = ? LIMIT ?[0m  [["email", "n@d.f"], ["LIMIT", 1]]
Redirected to http://localhost:3000/sessions/new
Completed 302 Found in 2ms (ActiveRecord: 0.2ms)


Started GET "/sessions/new" for 127.0.0.1 at 2017-09-19 21:17:42 -0500
Processing by SessionsController#new as HTML
  Rendering sessions/new.html.erb within layouts/application
  Rendered sessions/new.html.erb within layouts/application (1.5ms)
Completed 200 OK in 19ms (Views: 17.3ms | ActiveRecord: 0.0ms)


Started POST "/sessions" for 127.0.0.1 at 2017-09-19 21:17:50 -0500
Processing by SessionsController#create as HTML
  Parameters: {"utf8"=>"✓", "authenticity_token"=>"u9ndeEGOrAvNuG1wJYj51tu5/F45dVFp1NwzF+GjNWvsefIBkIv05IidGas+XGSJjH0LtpyzgdRg7uYcTluAng==", "session"=>{"email"=>"n@d.f", "password_digest"=>"[FILTERED]"}, "commit"=>"Save Session"}
Unpermitted parameter: :password_digest
  [1m[36mUser Load (0.2ms)[0m  [1m[34mSELECT  "users".* FROM "users" WHERE "users"."email" = ? LIMIT ?[0m  [["email", "n@d.f"], ["LIMIT", 1]]
Unpermitted parameter: :password_digest
  [1m[36mCACHE User Load (0.0ms)[0m  [1m[34mSELECT  "users".* FROM "users" WHERE "users"."email" = ? LIMIT ?[0m  [["email", "n@d.f"], ["LIMIT", 1]]
Redirected to http://localhost:3000/sessions/new
Completed 302 Found in 2ms (ActiveRecord: 0.2ms)


Started GET "/sessions/new" for 127.0.0.1 at 2017-09-19 21:17:50 -0500
Processing by SessionsController#new as HTML
  Rendering sessions/new.html.erb within layouts/application
  Rendered sessions/new.html.erb within layouts/application (1.4ms)
Completed 200 OK in 27ms (Views: 25.0ms | ActiveRecord: 0.0ms)


Started GET "/sessions/new" for 127.0.0.1 at 2017-09-19 21:18:44 -0500
Processing by SessionsController#new as HTML
  Rendering sessions/new.html.erb within layouts/application
  Rendered sessions/new.html.erb within layouts/application (1.5ms)
Completed 200 OK in 20ms (Views: 17.6ms)


Started POST "/sessions" for 127.0.0.1 at 2017-09-19 21:18:51 -0500
Processing by SessionsController#create as HTML
  Parameters: {"utf8"=>"✓", "authenticity_token"=>"Z6kjwXuJsL9rceosG4KGdKrw7Ue1Je8FklndpTUoymowCQy4qozoUC5UnvcAVhsr/TQarxDjP7gmawiumtB/nw==", "session"=>{"email"=>"n@d.f", "password_digest"=>"[FILTERED]"}, "commit"=>"Save Session"}
Unpermitted parameter: :password_digest
  [1m[36mUser Load (0.2ms)[0m  [1m[34mSELECT  "users".* FROM "users" WHERE "users"."email" = ? LIMIT ?[0m  [["email", "n@d.f"], ["LIMIT", 1]]
Unpermitted parameter: :password_digest
  [1m[36mCACHE User Load (0.0ms)[0m  [1m[34mSELECT  "users".* FROM "users" WHERE "users"."email" = ? LIMIT ?[0m  [["email", "n@d.f"], ["LIMIT", 1]]
Redirected to http://localhost:3000/sessions/new
Completed 302 Found in 17ms (ActiveRecord: 1.2ms)


Started GET "/sessions/new" for 127.0.0.1 at 2017-09-19 21:18:51 -0500
Processing by SessionsController#new as HTML
  Rendering sessions/new.html.erb within layouts/application
  Rendered sessions/new.html.erb within layouts/application (1.4ms)
Completed 200 OK in 19ms (Views: 17.0ms | ActiveRecord: 0.0ms)


Started GET "/sessions/new" for 127.0.0.1 at 2017-09-19 21:20:00 -0500
Processing by SessionsController#new as HTML
  Rendering sessions/new.html.erb within layouts/application
  Rendered sessions/new.html.erb within layouts/application (1.7ms)
Completed 200 OK in 21ms (Views: 18.8ms)


Started POST "/sessions" for 127.0.0.1 at 2017-09-19 21:20:07 -0500
Processing by SessionsController#create as HTML
  Parameters: {"utf8"=>"✓", "authenticity_token"=>"Pm5uqH+YBErHOLwogVAn4sImp9T/gecsSArGvjDfC7JpzkHRrp1cpYIdyPOahLq9leJQPFpHN5H8OBO1nye+Rw==", "session"=>{"email"=>"n@d.f", "password_digest"=>"[FILTERED]"}, "commit"=>"Save Session"}
Unpermitted parameter: :password_digest
  [1m[36mUser Load (0.2ms)[0m  [1m[34mSELECT  "users".* FROM "users" WHERE "users"."email" = ? LIMIT ?[0m  [["email", "n@d.f"], ["LIMIT", 1]]
Unpermitted parameter: :password_digest
Redirected to http://localhost:3000/sessions/new
Completed 302 Found in 16ms (ActiveRecord: 1.1ms)


Started GET "/sessions/new" for 127.0.0.1 at 2017-09-19 21:20:07 -0500
Processing by SessionsController#new as HTML
  Rendering sessions/new.html.erb within layouts/application
  Rendered sessions/new.html.erb within layouts/application (1.6ms)
Completed 200 OK in 21ms (Views: 19.1ms | ActiveRecord: 0.0ms)


Started GET "/" for 127.0.0.1 at 2017-09-19 21:32:13 -0500
Processing by SessionsController#welcome as HTML
  [1m[36mUser Load (0.2ms)[0m  [1m[34mSELECT  "users".* FROM "users" WHERE "users"."id" IS NULL LIMIT ?[0m  [["LIMIT", 1]]
Redirected to http://localhost:3000/sessions/new
Filter chain halted as :authenticate_user! rendered or redirected
Completed 302 Found in 6ms (ActiveRecord: 0.7ms)


Started GET "/sessions/new" for 127.0.0.1 at 2017-09-19 21:32:13 -0500
Processing by SessionsController#new as HTML
  Rendering sessions/new.html.erb within layouts/application
  Rendered sessions/new.html.erb within layouts/application (1.6ms)
Completed 200 OK in 23ms (Views: 20.2ms | ActiveRecord: 0.0ms)


Started POST "/sessions" for 127.0.0.1 at 2017-09-19 21:32:19 -0500
Processing by SessionsController#create as HTML
  Parameters: {"utf8"=>"✓", "authenticity_token"=>"K5NwAuUGutkvexXrE6dBqO7c0FtKK7JIGiD3kHhXV2R8M197NAPiNmpeYTAIc9z3uRgns+/tYvWuEiKb16/ikQ==", "session"=>{"email"=>"n@d.f", "password_digest"=>"[FILTERED]"}, "commit"=>"Save Session"}
Unpermitted parameter: :password_digest
  [1m[36mUser Load (0.2ms)[0m  [1m[34mSELECT  "users".* FROM "users" WHERE "users"."email" = ? LIMIT ?[0m  [["email", "n@d.f"], ["LIMIT", 1]]
Unpermitted parameter: :password_digest
Completed 500 Internal Server Error in 13ms (ActiveRecord: 0.6ms)


  
BCrypt::Errors::InvalidHash (invalid hash):
  
app/controllers/sessions_controller.rb:10:in `create'
Started POST "/sessions" for 127.0.0.1 at 2017-09-19 21:38:49 -0500
Processing by SessionsController#create as HTML
  Parameters: {"utf8"=>"✓", "authenticity_token"=>"K5NwAuUGutkvexXrE6dBqO7c0FtKK7JIGiD3kHhXV2R8M197NAPiNmpeYTAIc9z3uRgns+/tYvWuEiKb16/ikQ==", "session"=>{"email"=>"n@d.f", "password_digest"=>"[FILTERED]"}, "commit"=>"Save Session"}
Unpermitted parameter: :password_digest
  [1m[36mUser Load (0.2ms)[0m  [1m[34mSELECT  "users".* FROM "users" WHERE "users"."email" = ? LIMIT ?[0m  [["email", "n@d.f"], ["LIMIT", 1]]
Unpermitted parameter: :password_digest
Completed 500 Internal Server Error in 16ms (ActiveRecord: 1.1ms)


  
BCrypt::Errors::InvalidHash (invalid hash):
  
app/controllers/sessions_controller.rb:10:in `create'
Started POST "/sessions" for 127.0.0.1 at 2017-09-19 21:39:54 -0500
Processing by SessionsController#create as HTML
  Parameters: {"utf8"=>"✓", "authenticity_token"=>"K5NwAuUGutkvexXrE6dBqO7c0FtKK7JIGiD3kHhXV2R8M197NAPiNmpeYTAIc9z3uRgns+/tYvWuEiKb16/ikQ==", "session"=>{"email"=>"n@d.f", "password_digest"=>"[FILTERED]"}, "commit"=>"Save Session"}
Unpermitted parameter: :password_digest
  [1m[36mUser Load (0.2ms)[0m  [1m[34mSELECT  "users".* FROM "users" WHERE "users"."email" = ? LIMIT ?[0m  [["email", "n@d.f"], ["LIMIT", 1]]
Unpermitted parameter: :password_digest
Completed 500 Internal Server Error in 15ms (ActiveRecord: 1.1ms)


  
BCrypt::Errors::InvalidHash (invalid hash):
  
app/controllers/sessions_controller.rb:10:in `create'
Started POST "/sessions" for 127.0.0.1 at 2017-09-19 21:40:21 -0500
Processing by SessionsController#create as HTML
  Parameters: {"utf8"=>"✓", "authenticity_token"=>"K5NwAuUGutkvexXrE6dBqO7c0FtKK7JIGiD3kHhXV2R8M197NAPiNmpeYTAIc9z3uRgns+/tYvWuEiKb16/ikQ==", "session"=>{"email"=>"n@d.f", "password_digest"=>"[FILTERED]"}, "commit"=>"Save Session"}
Unpermitted parameter: :password_digest
  [1m[36mUser Load (0.2ms)[0m  [1m[34mSELECT  "users".* FROM "users" WHERE "users"."email" = ? LIMIT ?[0m  [["email", "n@d.f"], ["LIMIT", 1]]
Unpermitted parameter: :password_digest
Completed 500 Internal Server Error in 16ms (ActiveRecord: 1.2ms)


  
BCrypt::Errors::InvalidHash (invalid hash):
  
app/controllers/sessions_controller.rb:10:in `create'
Started PUT "/__web_console/repl_sessions/fb1feb3264f8bd265d16286e4a1543c5" for 127.0.0.1 at 2017-09-19 21:40:32 -0500
Started PUT "/__web_console/repl_sessions/fb1feb3264f8bd265d16286e4a1543c5" for 127.0.0.1 at 2017-09-19 21:40:34 -0500
Started PUT "/__web_console/repl_sessions/fb1feb3264f8bd265d16286e4a1543c5" for 127.0.0.1 at 2017-09-19 21:40:39 -0500
Started POST "/sessions" for 127.0.0.1 at 2017-09-19 21:46:58 -0500
Processing by SessionsController#create as HTML
  Parameters: {"utf8"=>"✓", "authenticity_token"=>"K5NwAuUGutkvexXrE6dBqO7c0FtKK7JIGiD3kHhXV2R8M197NAPiNmpeYTAIc9z3uRgns+/tYvWuEiKb16/ikQ==", "session"=>{"email"=>"n@d.f", "password_digest"=>"[FILTERED]"}, "commit"=>"Save Session"}
Unpermitted parameter: :password_digest
  [1m[36mUser Load (0.2ms)[0m  [1m[34mSELECT  "users".* FROM "users" WHERE "users"."email" = ? LIMIT ?[0m  [["email", "n@d.f"], ["LIMIT", 1]]
Unpermitted parameter: :password_digest
Completed 500 Internal Server Error in 18ms (ActiveRecord: 1.1ms)


  
BCrypt::Errors::InvalidHash (invalid hash):
  
app/controllers/sessions_controller.rb:10:in `create'
Started POST "/sessions" for 127.0.0.1 at 2017-09-19 21:48:22 -0500
Processing by SessionsController#create as HTML
  Parameters: {"utf8"=>"✓", "authenticity_token"=>"K5NwAuUGutkvexXrE6dBqO7c0FtKK7JIGiD3kHhXV2R8M197NAPiNmpeYTAIc9z3uRgns+/tYvWuEiKb16/ikQ==", "session"=>{"email"=>"n@d.f", "password_digest"=>"[FILTERED]"}, "commit"=>"Save Session"}
Unpermitted parameter: :password_digest
  [1m[36mUser Load (0.2ms)[0m  [1m[34mSELECT  "users".* FROM "users" WHERE "users"."email" = ? LIMIT ?[0m  [["email", "n@d.f"], ["LIMIT", 1]]
Unpermitted parameter: :password_digest
Completed 500 Internal Server Error in 22ms (ActiveRecord: 1.2ms)


  
BCrypt::Errors::InvalidHash (invalid hash):
  
app/controllers/sessions_controller.rb:10:in `create'
Started POST "/sessions" for 127.0.0.1 at 2017-09-19 21:49:37 -0500
Processing by SessionsController#create as HTML
  Parameters: {"utf8"=>"✓", "authenticity_token"=>"K5NwAuUGutkvexXrE6dBqO7c0FtKK7JIGiD3kHhXV2R8M197NAPiNmpeYTAIc9z3uRgns+/tYvWuEiKb16/ikQ==", "session"=>{"email"=>"n@d.f", "password_digest"=>"[FILTERED]"}, "commit"=>"Save Session"}
Unpermitted parameter: :password_digest
  [1m[36mUser Load (0.1ms)[0m  [1m[34mSELECT  "users".* FROM "users" WHERE "users"."email" = ? LIMIT ?[0m  [["email", "n@d.f"], ["LIMIT", 1]]
Unpermitted parameter: :password_digest
Completed 500 Internal Server Error in 2ms (ActiveRecord: 0.1ms)


  
BCrypt::Errors::InvalidHash (invalid hash):
  
app/controllers/sessions_controller.rb:10:in `create'
Started GET "/sessions/new" for 127.0.0.1 at 2017-09-19 21:49:41 -0500
Processing by SessionsController#new as HTML
  Rendering sessions/new.html.erb within layouts/application
  Rendered sessions/new.html.erb within layouts/application (1.6ms)
Completed 200 OK in 21ms (Views: 18.7ms | ActiveRecord: 0.0ms)


Started GET "/sessions/new" for 127.0.0.1 at 2017-09-19 21:49:42 -0500
Processing by SessionsController#new as HTML
  Rendering sessions/new.html.erb within layouts/application
  Rendered sessions/new.html.erb within layouts/application (1.4ms)
Completed 200 OK in 20ms (Views: 17.9ms | ActiveRecord: 0.0ms)


Started GET "/sessions/new" for 127.0.0.1 at 2017-09-19 21:49:53 -0500
Processing by SessionsController#new as HTML
  Rendering sessions/new.html.erb within layouts/application
  Rendered sessions/new.html.erb within layouts/application (1.4ms)
Completed 200 OK in 20ms (Views: 17.7ms | ActiveRecord: 0.0ms)


Started GET "/sessions/new" for 127.0.0.1 at 2017-09-19 21:50:08 -0500
  [1m[35m (0.1ms)[0m  [1m[34mSELECT "schema_migrations"."version" FROM "schema_migrations" ORDER BY "schema_migrations"."version" ASC[0m
Processing by SessionsController#new as HTML
  Rendering sessions/new.html.erb within layouts/application
  Rendered sessions/new.html.erb within layouts/application (25.2ms)
Completed 200 OK in 216ms (Views: 205.5ms | ActiveRecord: 0.0ms)


Started POST "/sessions" for 127.0.0.1 at 2017-09-19 21:50:12 -0500
Processing by SessionsController#create as HTML
  Parameters: {"utf8"=>"✓", "authenticity_token"=>"cRpubdxBuiEUAMiEkXOgphEbL/+zAkKjzTJPiErAip4mukEUDUTizlElvF+Kpz35Rt/YFxbEkh55AJqD5Tg/aw==", "session"=>{"email"=>"n@d.f", "password"=>"[FILTERED]"}, "commit"=>"Save Session"}
  [1m[36mUser Load (0.2ms)[0m  [1m[34mSELECT  "users".* FROM "users" WHERE "users"."email" = ? LIMIT ?[0m  [["email", "n@d.f"], ["LIMIT", 1]]
Completed 500 Internal Server Error in 73ms (ActiveRecord: 0.9ms)


  
BCrypt::Errors::InvalidHash (invalid hash):
  
app/controllers/sessions_controller.rb:10:in `create'
Started POST "/sessions" for 127.0.0.1 at 2017-09-19 21:52:02 -0500
Processing by SessionsController#create as HTML
  Parameters: {"utf8"=>"✓", "authenticity_token"=>"cRpubdxBuiEUAMiEkXOgphEbL/+zAkKjzTJPiErAip4mukEUDUTizlElvF+Kpz35Rt/YFxbEkh55AJqD5Tg/aw==", "session"=>{"email"=>"n@d.f", "password"=>"[FILTERED]"}, "commit"=>"Save Session"}
  [1m[36mUser Load (0.2ms)[0m  [1m[34mSELECT  "users".* FROM "users" WHERE "users"."email" = ? LIMIT ?[0m  [["email", "n@d.f"], ["LIMIT", 1]]
Completed 500 Internal Server Error in 30ms (ActiveRecord: 1.2ms)


  
BCrypt::Errors::InvalidHash (invalid hash):
  
app/controllers/sessions_controller.rb:11:in `create'
Started GET "/sessions" for 127.0.0.1 at 2017-09-19 22:00:39 -0500
  
ActionController::RoutingError (No route matches [GET] "/sessions"):
  
actionpack (5.1.4) lib/action_dispatch/middleware/debug_exceptions.rb:63:in `call'
web-console (3.5.1) lib/web_console/middleware.rb:135:in `call_app'
web-console (3.5.1) lib/web_console/middleware.rb:28:in `block in call'
web-console (3.5.1) lib/web_console/middleware.rb:18:in `catch'
web-console (3.5.1) lib/web_console/middleware.rb:18:in `call'
actionpack (5.1.4) lib/action_dispatch/middleware/show_exceptions.rb:31:in `call'
railties (5.1.4) lib/rails/rack/logger.rb:36:in `call_app'
railties (5.1.4) lib/rails/rack/logger.rb:24:in `block in call'
activesupport (5.1.4) lib/active_support/tagged_logging.rb:69:in `block in tagged'
activesupport (5.1.4) lib/active_support/tagged_logging.rb:26:in `tagged'
activesupport (5.1.4) lib/active_support/tagged_logging.rb:69:in `tagged'
railties (5.1.4) lib/rails/rack/logger.rb:24:in `call'
sprockets-rails (3.2.1) lib/sprockets/rails/quiet_assets.rb:13:in `call'
actionpack (5.1.4) lib/action_dispatch/middleware/remote_ip.rb:79:in `call'
actionpack (5.1.4) lib/action_dispatch/middleware/request_id.rb:25:in `call'
rack (2.0.3) lib/rack/method_override.rb:22:in `call'
rack (2.0.3) lib/rack/runtime.rb:22:in `call'
activesupport (5.1.4) lib/active_support/cache/strategy/local_cache_middleware.rb:27:in `call'
actionpack (5.1.4) lib/action_dispatch/middleware/executor.rb:12:in `call'
actionpack (5.1.4) lib/action_dispatch/middleware/static.rb:125:in `call'
rack (2.0.3) lib/rack/sendfile.rb:111:in `call'
railties (5.1.4) lib/rails/engine.rb:522:in `call'
puma (3.10.0) lib/puma/configuration.rb:225:in `call'
puma (3.10.0) lib/puma/server.rb:605:in `handle_request'
puma (3.10.0) lib/puma/server.rb:437:in `process_client'
puma (3.10.0) lib/puma/server.rb:301:in `block in run'
puma (3.10.0) lib/puma/thread_pool.rb:120:in `block in spawn_thread'
Started POST "/sessions" for 127.0.0.1 at 2017-09-19 22:00:44 -0500
Processing by SessionsController#create as HTML
  Parameters: {"utf8"=>"✓", "authenticity_token"=>"cRpubdxBuiEUAMiEkXOgphEbL/+zAkKjzTJPiErAip4mukEUDUTizlElvF+Kpz35Rt/YFxbEkh55AJqD5Tg/aw==", "session"=>{"email"=>"n@d.f", "password"=>"[FILTERED]"}, "commit"=>"Save Session"}
  [1m[36mUser Load (0.1ms)[0m  [1m[34mSELECT  "users".* FROM "users" WHERE "users"."email" = ? LIMIT ?[0m  [["email", "n@d.f"], ["LIMIT", 1]]
Completed 500 Internal Server Error in 13ms (ActiveRecord: 1.0ms)


  
BCrypt::Errors::InvalidHash (invalid hash):
  
app/controllers/sessions_controller.rb:11:in `create'
Started GET "/sessions" for 127.0.0.1 at 2017-09-19 22:02:15 -0500
  
ActionController::RoutingError (No route matches [GET] "/sessions"):
  
actionpack (5.1.4) lib/action_dispatch/middleware/debug_exceptions.rb:63:in `call'
web-console (3.5.1) lib/web_console/middleware.rb:135:in `call_app'
web-console (3.5.1) lib/web_console/middleware.rb:28:in `block in call'
web-console (3.5.1) lib/web_console/middleware.rb:18:in `catch'
web-console (3.5.1) lib/web_console/middleware.rb:18:in `call'
actionpack (5.1.4) lib/action_dispatch/middleware/show_exceptions.rb:31:in `call'
railties (5.1.4) lib/rails/rack/logger.rb:36:in `call_app'
railties (5.1.4) lib/rails/rack/logger.rb:24:in `block in call'
activesupport (5.1.4) lib/active_support/tagged_logging.rb:69:in `block in tagged'
activesupport (5.1.4) lib/active_support/tagged_logging.rb:26:in `tagged'
activesupport (5.1.4) lib/active_support/tagged_logging.rb:69:in `tagged'
railties (5.1.4) lib/rails/rack/logger.rb:24:in `call'
sprockets-rails (3.2.1) lib/sprockets/rails/quiet_assets.rb:13:in `call'
actionpack (5.1.4) lib/action_dispatch/middleware/remote_ip.rb:79:in `call'
actionpack (5.1.4) lib/action_dispatch/middleware/request_id.rb:25:in `call'
rack (2.0.3) lib/rack/method_override.rb:22:in `call'
rack (2.0.3) lib/rack/runtime.rb:22:in `call'
activesupport (5.1.4) lib/active_support/cache/strategy/local_cache_middleware.rb:27:in `call'
actionpack (5.1.4) lib/action_dispatch/middleware/executor.rb:12:in `call'
actionpack (5.1.4) lib/action_dispatch/middleware/static.rb:125:in `call'
rack (2.0.3) lib/rack/sendfile.rb:111:in `call'
railties (5.1.4) lib/rails/engine.rb:522:in `call'
puma (3.10.0) lib/puma/configuration.rb:225:in `call'
puma (3.10.0) lib/puma/server.rb:605:in `handle_request'
puma (3.10.0) lib/puma/server.rb:437:in `process_client'
puma (3.10.0) lib/puma/server.rb:301:in `block in run'
puma (3.10.0) lib/puma/thread_pool.rb:120:in `block in spawn_thread'
Started POST "/sessions" for 127.0.0.1 at 2017-09-19 22:02:19 -0500
Processing by SessionsController#create as HTML
  Parameters: {"utf8"=>"✓", "authenticity_token"=>"cRpubdxBuiEUAMiEkXOgphEbL/+zAkKjzTJPiErAip4mukEUDUTizlElvF+Kpz35Rt/YFxbEkh55AJqD5Tg/aw==", "session"=>{"email"=>"n@d.f", "password"=>"[FILTERED]"}, "commit"=>"Save Session"}
Completed 500 Internal Server Error in 3ms


  
NoMethodError (undefined method `[]' for nil:NilClass):
  
app/controllers/sessions_controller.rb:10:in `create'
Started GET "/sessions" for 127.0.0.1 at 2017-09-19 22:03:03 -0500
  
ActionController::RoutingError (No route matches [GET] "/sessions"):
  
actionpack (5.1.4) lib/action_dispatch/middleware/debug_exceptions.rb:63:in `call'
web-console (3.5.1) lib/web_console/middleware.rb:135:in `call_app'
web-console (3.5.1) lib/web_console/middleware.rb:28:in `block in call'
web-console (3.5.1) lib/web_console/middleware.rb:18:in `catch'
web-console (3.5.1) lib/web_console/middleware.rb:18:in `call'
actionpack (5.1.4) lib/action_dispatch/middleware/show_exceptions.rb:31:in `call'
railties (5.1.4) lib/rails/rack/logger.rb:36:in `call_app'
railties (5.1.4) lib/rails/rack/logger.rb:24:in `block in call'
activesupport (5.1.4) lib/active_support/tagged_logging.rb:69:in `block in tagged'
activesupport (5.1.4) lib/active_support/tagged_logging.rb:26:in `tagged'
activesupport (5.1.4) lib/active_support/tagged_logging.rb:69:in `tagged'
railties (5.1.4) lib/rails/rack/logger.rb:24:in `call'
sprockets-rails (3.2.1) lib/sprockets/rails/quiet_assets.rb:13:in `call'
actionpack (5.1.4) lib/action_dispatch/middleware/remote_ip.rb:79:in `call'
actionpack (5.1.4) lib/action_dispatch/middleware/request_id.rb:25:in `call'
rack (2.0.3) lib/rack/method_override.rb:22:in `call'
rack (2.0.3) lib/rack/runtime.rb:22:in `call'
activesupport (5.1.4) lib/active_support/cache/strategy/local_cache_middleware.rb:27:in `call'
actionpack (5.1.4) lib/action_dispatch/middleware/executor.rb:12:in `call'
actionpack (5.1.4) lib/action_dispatch/middleware/static.rb:125:in `call'
rack (2.0.3) lib/rack/sendfile.rb:111:in `call'
railties (5.1.4) lib/rails/engine.rb:522:in `call'
puma (3.10.0) lib/puma/configuration.rb:225:in `call'
puma (3.10.0) lib/puma/server.rb:605:in `handle_request'
puma (3.10.0) lib/puma/server.rb:437:in `process_client'
puma (3.10.0) lib/puma/server.rb:301:in `block in run'
puma (3.10.0) lib/puma/thread_pool.rb:120:in `block in spawn_thread'
Started POST "/sessions" for 127.0.0.1 at 2017-09-19 22:03:06 -0500
Processing by SessionsController#create as HTML
  Parameters: {"utf8"=>"✓", "authenticity_token"=>"cRpubdxBuiEUAMiEkXOgphEbL/+zAkKjzTJPiErAip4mukEUDUTizlElvF+Kpz35Rt/YFxbEkh55AJqD5Tg/aw==", "session"=>{"email"=>"n@d.f", "password"=>"[FILTERED]"}, "commit"=>"Save Session"}
  [1m[36mUser Load (0.1ms)[0m  [1m[34mSELECT  "users".* FROM "users" WHERE "users"."email" = ? LIMIT ?[0m  [["email", "n@d.f"], ["LIMIT", 1]]
Completed 500 Internal Server Error in 14ms (ActiveRecord: 1.0ms)


  
BCrypt::Errors::InvalidHash (invalid hash):
  
app/controllers/sessions_controller.rb:11:in `create'
Started POST "/sessions" for 127.0.0.1 at 2017-09-19 22:03:32 -0500
Processing by SessionsController#create as HTML
  Parameters: {"utf8"=>"✓", "authenticity_token"=>"cRpubdxBuiEUAMiEkXOgphEbL/+zAkKjzTJPiErAip4mukEUDUTizlElvF+Kpz35Rt/YFxbEkh55AJqD5Tg/aw==", "session"=>{"email"=>"n@d.f", "password"=>"[FILTERED]"}, "commit"=>"Save Session"}
  [1m[36mUser Load (0.2ms)[0m  [1m[34mSELECT  "users".* FROM "users" WHERE "users"."email" = ? LIMIT ?[0m  [["email", "n@d.f"], ["LIMIT", 1]]
Completed 500 Internal Server Error in 14ms (ActiveRecord: 1.0ms)


  
BCrypt::Errors::InvalidHash (invalid hash):
  
app/controllers/sessions_controller.rb:12:in `create'
Started POST "/sessions" for 127.0.0.1 at 2017-09-19 22:04:04 -0500
Processing by SessionsController#create as HTML
  Parameters: {"utf8"=>"✓", "authenticity_token"=>"cRpubdxBuiEUAMiEkXOgphEbL/+zAkKjzTJPiErAip4mukEUDUTizlElvF+Kpz35Rt/YFxbEkh55AJqD5Tg/aw==", "session"=>{"email"=>"n@d.f", "password"=>"[FILTERED]"}, "commit"=>"Save Session"}
  [1m[36mUser Load (0.2ms)[0m  [1m[34mSELECT  "users".* FROM "users" WHERE "users"."email" = ? LIMIT ?[0m  [["email", "n@d.f"], ["LIMIT", 1]]
Completed 500 Internal Server Error in 16ms (ActiveRecord: 1.2ms)


  
BCrypt::Errors::InvalidHash (invalid hash):
  
app/controllers/sessions_controller.rb:12:in `create'
Started POST "/sessions" for 127.0.0.1 at 2017-09-19 22:04:10 -0500
Processing by SessionsController#create as HTML
  Parameters: {"utf8"=>"✓", "authenticity_token"=>"cRpubdxBuiEUAMiEkXOgphEbL/+zAkKjzTJPiErAip4mukEUDUTizlElvF+Kpz35Rt/YFxbEkh55AJqD5Tg/aw==", "session"=>{"email"=>"n@d.f", "password"=>"[FILTERED]"}, "commit"=>"Save Session"}
  [1m[36mUser Load (0.2ms)[0m  [1m[34mSELECT  "users".* FROM "users" WHERE "users"."email" = ? LIMIT ?[0m  [["email", "n@d.f"], ["LIMIT", 1]]
Completed 500 Internal Server Error in 2ms (ActiveRecord: 0.2ms)


  
BCrypt::Errors::InvalidHash (invalid hash):
  
app/controllers/sessions_controller.rb:12:in `create'
  [1m[36mUser Load (0.1ms)[0m  [1m[34mSELECT  "users".* FROM "users" ORDER BY "users"."id" ASC LIMIT ?[0m  [["LIMIT", 1]]
